{
    "/Users/itay/developer/crawler/src/filter.ts": {
        "path": "/Users/itay/developer/crawler/src/filter.ts",
        "statementMap": {
            "0": {
                "start": {
                    "line": 3,
                    "column": 22
                },
                "end": {
                    "line": 7,
                    "column": 1
                }
            },
            "1": {
                "start": {
                    "line": 4,
                    "column": 2
                },
                "end": {
                    "line": 6,
                    "column": 67
                }
            },
            "2": {
                "start": {
                    "line": 5,
                    "column": 21
                },
                "end": {
                    "line": 5,
                    "column": 31
                }
            },
            "3": {
                "start": {
                    "line": 6,
                    "column": 21
                },
                "end": {
                    "line": 6,
                    "column": 48
                }
            }
        },
        "fnMap": {
            "0": {
                "name": "(anonymous_0)",
                "decl": {
                    "start": {
                        "line": 3,
                        "column": 22
                    },
                    "end": {
                        "line": 3,
                        "column": 23
                    }
                },
                "loc": {
                    "start": {
                        "line": 3,
                        "column": 77
                    },
                    "end": {
                        "line": 7,
                        "column": 1
                    }
                },
                "line": 3
            },
            "1": {
                "name": "(anonymous_1)",
                "decl": {
                    "start": {
                        "line": 5,
                        "column": 12
                    },
                    "end": {
                        "line": 5,
                        "column": 13
                    }
                },
                "loc": {
                    "start": {
                        "line": 5,
                        "column": 21
                    },
                    "end": {
                        "line": 5,
                        "column": 31
                    }
                },
                "line": 5
            },
            "2": {
                "name": "(anonymous_2)",
                "decl": {
                    "start": {
                        "line": 6,
                        "column": 12
                    },
                    "end": {
                        "line": 6,
                        "column": 13
                    }
                },
                "loc": {
                    "start": {
                        "line": 6,
                        "column": 21
                    },
                    "end": {
                        "line": 6,
                        "column": 48
                    }
                },
                "line": 6
            }
        },
        "branchMap": {},
        "s": {
            "0": 1,
            "1": 2,
            "2": 10,
            "3": 8
        },
        "f": {
            "0": 2,
            "1": 10,
            "2": 8
        },
        "b": {},
        "_coverageSchema": "1a1c01bbd47fc00a2c39e90264f33305004495a9",
        "hash": "853a7e7e0e3d8299b01fe8e1006372b94f2448ee"
    },
    "/Users/itay/developer/crawler/src/find.ts": {
        "path": "/Users/itay/developer/crawler/src/find.ts",
        "statementMap": {
            "0": {
                "start": {
                    "line": 3,
                    "column": 20
                },
                "end": {
                    "line": 7,
                    "column": 1
                }
            },
            "1": {
                "start": {
                    "line": 4,
                    "column": 2
                },
                "end": {
                    "line": 6,
                    "column": 5
                }
            }
        },
        "fnMap": {
            "0": {
                "name": "(anonymous_0)",
                "decl": {
                    "start": {
                        "line": 3,
                        "column": 20
                    },
                    "end": {
                        "line": 3,
                        "column": 21
                    }
                },
                "loc": {
                    "start": {
                        "line": 3,
                        "column": 57
                    },
                    "end": {
                        "line": 7,
                        "column": 1
                    }
                },
                "line": 3
            }
        },
        "branchMap": {},
        "s": {
            "0": 1,
            "1": 1
        },
        "f": {
            "0": 1
        },
        "b": {},
        "_coverageSchema": "1a1c01bbd47fc00a2c39e90264f33305004495a9",
        "hash": "e4c01f10368d125a9473b3dd02fce61be973925b"
    },
    "/Users/itay/developer/crawler/src/parse.ts": {
        "path": "/Users/itay/developer/crawler/src/parse.ts",
        "statementMap": {
            "0": {
                "start": {
                    "line": 3,
                    "column": 21
                },
                "end": {
                    "line": 15,
                    "column": 1
                }
            },
            "1": {
                "start": {
                    "line": 4,
                    "column": 16
                },
                "end": {
                    "line": 4,
                    "column": 43
                }
            },
            "2": {
                "start": {
                    "line": 4,
                    "column": 34
                },
                "end": {
                    "line": 4,
                    "column": 42
                }
            },
            "3": {
                "start": {
                    "line": 6,
                    "column": 2
                },
                "end": {
                    "line": 14,
                    "column": 37
                }
            },
            "4": {
                "start": {
                    "line": 7,
                    "column": 20
                },
                "end": {
                    "line": 10,
                    "column": 5
                }
            },
            "5": {
                "start": {
                    "line": 11,
                    "column": 21
                },
                "end": {
                    "line": 11,
                    "column": 78
                }
            },
            "6": {
                "start": {
                    "line": 11,
                    "column": 58
                },
                "end": {
                    "line": 11,
                    "column": 77
                }
            },
            "7": {
                "start": {
                    "line": 12,
                    "column": 4
                },
                "end": {
                    "line": 12,
                    "column": 29
                }
            },
            "8": {
                "start": {
                    "line": 13,
                    "column": 4
                },
                "end": {
                    "line": 13,
                    "column": 15
                }
            }
        },
        "fnMap": {
            "0": {
                "name": "(anonymous_0)",
                "decl": {
                    "start": {
                        "line": 3,
                        "column": 21
                    },
                    "end": {
                        "line": 3,
                        "column": 22
                    }
                },
                "loc": {
                    "start": {
                        "line": 3,
                        "column": 52
                    },
                    "end": {
                        "line": 15,
                        "column": 1
                    }
                },
                "line": 3
            },
            "1": {
                "name": "(anonymous_1)",
                "decl": {
                    "start": {
                        "line": 4,
                        "column": 25
                    },
                    "end": {
                        "line": 4,
                        "column": 26
                    }
                },
                "loc": {
                    "start": {
                        "line": 4,
                        "column": 34
                    },
                    "end": {
                        "line": 4,
                        "column": 42
                    }
                },
                "line": 4
            },
            "2": {
                "name": "(anonymous_2)",
                "decl": {
                    "start": {
                        "line": 6,
                        "column": 21
                    },
                    "end": {
                        "line": 6,
                        "column": 22
                    }
                },
                "loc": {
                    "start": {
                        "line": 6,
                        "column": 35
                    },
                    "end": {
                        "line": 14,
                        "column": 3
                    }
                },
                "line": 6
            },
            "3": {
                "name": "(anonymous_3)",
                "decl": {
                    "start": {
                        "line": 11,
                        "column": 49
                    },
                    "end": {
                        "line": 11,
                        "column": 50
                    }
                },
                "loc": {
                    "start": {
                        "line": 11,
                        "column": 58
                    },
                    "end": {
                        "line": 11,
                        "column": 77
                    }
                },
                "line": 11
            }
        },
        "branchMap": {},
        "s": {
            "0": 1,
            "1": 1,
            "2": 4,
            "3": 1,
            "4": 4,
            "5": 4,
            "6": 6,
            "7": 4,
            "8": 4
        },
        "f": {
            "0": 1,
            "1": 4,
            "2": 4,
            "3": 6
        },
        "b": {},
        "_coverageSchema": "1a1c01bbd47fc00a2c39e90264f33305004495a9",
        "hash": "67667d5644132d16e7c9f95a0958376d4d417486"
    },
    "/Users/itay/developer/crawler/src/read.ts": {
        "path": "/Users/itay/developer/crawler/src/read.ts",
        "statementMap": {
            "0": {
                "start": {
                    "line": 4,
                    "column": 20
                },
                "end": {
                    "line": 21,
                    "column": 1
                }
            },
            "1": {
                "start": {
                    "line": 5,
                    "column": 2
                },
                "end": {
                    "line": 20,
                    "column": 5
                }
            },
            "2": {
                "start": {
                    "line": 6,
                    "column": 18
                },
                "end": {
                    "line": 6,
                    "column": 20
                }
            },
            "3": {
                "start": {
                    "line": 7,
                    "column": 21
                },
                "end": {
                    "line": 7,
                    "column": 41
                }
            },
            "4": {
                "start": {
                    "line": 9,
                    "column": 4
                },
                "end": {
                    "line": 13,
                    "column": 5
                }
            },
            "5": {
                "start": {
                    "line": 10,
                    "column": 6
                },
                "end": {
                    "line": 10,
                    "column": 53
                }
            },
            "6": {
                "start": {
                    "line": 12,
                    "column": 6
                },
                "end": {
                    "line": 12,
                    "column": 63
                }
            },
            "7": {
                "start": {
                    "line": 15,
                    "column": 4
                },
                "end": {
                    "line": 19,
                    "column": 5
                }
            },
            "8": {
                "start": {
                    "line": 16,
                    "column": 6
                },
                "end": {
                    "line": 16,
                    "column": 33
                }
            },
            "9": {
                "start": {
                    "line": 18,
                    "column": 6
                },
                "end": {
                    "line": 18,
                    "column": 57
                }
            }
        },
        "fnMap": {
            "0": {
                "name": "(anonymous_0)",
                "decl": {
                    "start": {
                        "line": 4,
                        "column": 20
                    },
                    "end": {
                        "line": 4,
                        "column": 21
                    }
                },
                "loc": {
                    "start": {
                        "line": 4,
                        "column": 64
                    },
                    "end": {
                        "line": 21,
                        "column": 1
                    }
                },
                "line": 4
            },
            "1": {
                "name": "(anonymous_1)",
                "decl": {
                    "start": {
                        "line": 5,
                        "column": 19
                    },
                    "end": {
                        "line": 5,
                        "column": 20
                    }
                },
                "loc": {
                    "start": {
                        "line": 5,
                        "column": 26
                    },
                    "end": {
                        "line": 20,
                        "column": 3
                    }
                },
                "line": 5
            }
        },
        "branchMap": {},
        "s": {
            "0": 1,
            "1": 3,
            "2": 7,
            "3": 7,
            "4": 7,
            "5": 7,
            "6": 1,
            "7": 6,
            "8": 6,
            "9": 1
        },
        "f": {
            "0": 3,
            "1": 7
        },
        "b": {},
        "_coverageSchema": "1a1c01bbd47fc00a2c39e90264f33305004495a9",
        "hash": "162817f50d1cbbd46bd6cd77816e7574e3fc44e0"
    },
    "/Users/itay/developer/crawler/src/test-utils.ts": {
        "path": "/Users/itay/developer/crawler/src/test-utils.ts",
        "statementMap": {
            "0": {
                "start": {
                    "line": 4,
                    "column": 27
                },
                "end": {
                    "line": 4,
                    "column": 58
                }
            },
            "1": {
                "start": {
                    "line": 5,
                    "column": 28
                },
                "end": {
                    "line": 5,
                    "column": 58
                }
            },
            "2": {
                "start": {
                    "line": 7,
                    "column": 26
                },
                "end": {
                    "line": 12,
                    "column": 1
                }
            },
            "3": {
                "start": {
                    "line": 9,
                    "column": 2
                },
                "end": {
                    "line": 11,
                    "column": 12
                }
            },
            "4": {
                "start": {
                    "line": 10,
                    "column": 4
                },
                "end": {
                    "line": 10,
                    "column": 31
                }
            },
            "5": {
                "start": {
                    "line": 14,
                    "column": 26
                },
                "end": {
                    "line": 17,
                    "column": 1
                }
            },
            "6": {
                "start": {
                    "line": 16,
                    "column": 2
                },
                "end": {
                    "line": 16,
                    "column": 45
                }
            }
        },
        "fnMap": {
            "0": {
                "name": "(anonymous_0)",
                "decl": {
                    "start": {
                        "line": 7,
                        "column": 26
                    },
                    "end": {
                        "line": 7,
                        "column": 27
                    }
                },
                "loc": {
                    "start": {
                        "line": 7,
                        "column": 32
                    },
                    "end": {
                        "line": 12,
                        "column": 1
                    }
                },
                "line": 7
            },
            "1": {
                "name": "(anonymous_1)",
                "decl": {
                    "start": {
                        "line": 14,
                        "column": 26
                    },
                    "end": {
                        "line": 14,
                        "column": 27
                    }
                },
                "loc": {
                    "start": {
                        "line": 14,
                        "column": 32
                    },
                    "end": {
                        "line": 17,
                        "column": 1
                    }
                },
                "line": 14
            }
        },
        "branchMap": {},
        "s": {
            "0": 1,
            "1": 1,
            "2": 1,
            "3": 3,
            "4": 3,
            "5": 1,
            "6": 1
        },
        "f": {
            "0": 3,
            "1": 1
        },
        "b": {},
        "_coverageSchema": "1a1c01bbd47fc00a2c39e90264f33305004495a9",
        "hash": "e00ea24714fee8080b157e39bdb65021d7664016"
    },
    "/Users/itay/developer/crawler/src/renderer/dot.ts": {
        "path": "/Users/itay/developer/crawler/src/renderer/dot.ts",
        "statementMap": {
            "0": {
                "start": {
                    "line": 5,
                    "column": 18
                },
                "end": {
                    "line": 5,
                    "column": 40
                }
            },
            "1": {
                "start": {
                    "line": 7,
                    "column": 22
                },
                "end": {
                    "line": 21,
                    "column": 1
                }
            },
            "2": {
                "start": {
                    "line": 8,
                    "column": 20
                },
                "end": {
                    "line": 8,
                    "column": 22
                }
            },
            "3": {
                "start": {
                    "line": 9,
                    "column": 2
                },
                "end": {
                    "line": 20,
                    "column": 3
                }
            },
            "4": {
                "start": {
                    "line": 10,
                    "column": 16
                },
                "end": {
                    "line": 10,
                    "column": 40
                }
            },
            "5": {
                "start": {
                    "line": 12,
                    "column": 4
                },
                "end": {
                    "line": 16,
                    "column": 5
                }
            },
            "6": {
                "start": {
                    "line": 13,
                    "column": 6
                },
                "end": {
                    "line": 13,
                    "column": 24
                }
            },
            "7": {
                "start": {
                    "line": 15,
                    "column": 6
                },
                "end": {
                    "line": 15,
                    "column": 51
                }
            },
            "8": {
                "start": {
                    "line": 17,
                    "column": 4
                },
                "end": {
                    "line": 17,
                    "column": 54
                }
            },
            "9": {
                "start": {
                    "line": 19,
                    "column": 4
                },
                "end": {
                    "line": 19,
                    "column": 45
                }
            }
        },
        "fnMap": {
            "0": {
                "name": "(anonymous_0)",
                "decl": {
                    "start": {
                        "line": 7,
                        "column": 22
                    },
                    "end": {
                        "line": 7,
                        "column": 23
                    }
                },
                "loc": {
                    "start": {
                        "line": 7,
                        "column": 73
                    },
                    "end": {
                        "line": 21,
                        "column": 1
                    }
                },
                "line": 7
            }
        },
        "branchMap": {
            "0": {
                "loc": {
                    "start": {
                        "line": 12,
                        "column": 4
                    },
                    "end": {
                        "line": 16,
                        "column": 5
                    }
                },
                "type": "if",
                "locations": [
                    {
                        "start": {
                            "line": 12,
                            "column": 4
                        },
                        "end": {
                            "line": 16,
                            "column": 5
                        }
                    },
                    {
                        "start": {
                            "line": 14,
                            "column": 11
                        },
                        "end": {
                            "line": 16,
                            "column": 5
                        }
                    }
                ],
                "line": 12
            }
        },
        "s": {
            "0": 1,
            "1": 1,
            "2": 3,
            "3": 3,
            "4": 3,
            "5": 2,
            "6": 1,
            "7": 1,
            "8": 2,
            "9": 1
        },
        "f": {
            "0": 3
        },
        "b": {
            "0": [
                1,
                1
            ]
        },
        "_coverageSchema": "1a1c01bbd47fc00a2c39e90264f33305004495a9",
        "hash": "7efbedc7872cb8263be3bd39e0249fc479b8606a"
    }
}